0 info it worked if it ends with ok
1 verbose cli [ '/usr/local/Cellar/node/5.6.0/bin/node',
1 verbose cli   '/usr/local/bin/npm',
1 verbose cli   'run',
1 verbose cli   'hello' ]
2 info using npm@3.6.0
3 info using node@v5.6.0
4 verbose run-script [ 'prehello', 'hello', 'posthello' ]
5 info lifecycle dronetest@1.0.0~prehello: dronetest@1.0.0
6 silly lifecycle dronetest@1.0.0~prehello: no script for prehello, continuing
7 info lifecycle dronetest@1.0.0~hello: dronetest@1.0.0
8 verbose lifecycle dronetest@1.0.0~hello: unsafe-perm in lifecycle true
9 verbose lifecycle dronetest@1.0.0~hello: PATH: /usr/local/lib/node_modules/npm/bin/node-gyp-bin:/Users/nick/learning/drone/dronetest/node_modules/.bin:/usr/local/bin:/usr/bin:/bin:/usr/sbin:/sbin:/opt/X11/bin
10 verbose lifecycle dronetest@1.0.0~hello: CWD: /Users/nick/learning/drone/dronetest
11 silly lifecycle dronetest@1.0.0~hello: Args: [ '-c', 'node ./index.js' ]
12 silly lifecycle dronetest@1.0.0~hello: Returned: code: 1  signal: null
13 info lifecycle dronetest@1.0.0~hello: Failed to exec hello script
14 verbose stack Error: dronetest@1.0.0 hello: `node ./index.js`
14 verbose stack Exit status 1
14 verbose stack     at EventEmitter.<anonymous> (/usr/local/lib/node_modules/npm/lib/utils/lifecycle.js:232:16)
14 verbose stack     at emitTwo (events.js:100:13)
14 verbose stack     at EventEmitter.emit (events.js:185:7)
14 verbose stack     at ChildProcess.<anonymous> (/usr/local/lib/node_modules/npm/lib/utils/spawn.js:24:14)
14 verbose stack     at emitTwo (events.js:100:13)
14 verbose stack     at ChildProcess.emit (events.js:185:7)
14 verbose stack     at maybeClose (internal/child_process.js:827:16)
14 verbose stack     at Process.ChildProcess._handle.onexit (internal/child_process.js:211:5)
15 verbose pkgid dronetest@1.0.0
16 verbose cwd /Users/nick/learning/drone/dronetest
17 error Darwin 15.2.0
18 error argv "/usr/local/Cellar/node/5.6.0/bin/node" "/usr/local/bin/npm" "run" "hello"
19 error node v5.6.0
20 error npm  v3.6.0
21 error code ELIFECYCLE
22 error dronetest@1.0.0 hello: `node ./index.js`
22 error Exit status 1
23 error Failed at the dronetest@1.0.0 hello script 'node ./index.js'.
23 error Make sure you have the latest version of node.js and npm installed.
23 error If you do, this is most likely a problem with the dronetest package,
23 error not with npm itself.
23 error Tell the author that this fails on your system:
23 error     node ./index.js
23 error You can get information on how to open an issue for this project with:
23 error     npm bugs dronetest
23 error Or if that isn't available, you can get their info via:
23 error     npm owner ls dronetest
23 error There is likely additional logging output above.
24 verbose exit [ 1, true ]
